{"C:\\Users\\svvig\\MetaficDemo\\App.js": {"path":"C:\\Users\\svvig\\MetaficDemo\\App.js","statementMap":{"0":{"start":{"line":8,"column":14},"end":{"line":8,"column":42}},"1":{"start":{"line":11,"column":2},"end":{"line":30,"column":4}}},"fnMap":{"0":{"name":"App","decl":{"start":{"line":10,"column":24},"end":{"line":10,"column":27}},"loc":{"start":{"line":10,"column":30},"end":{"line":31,"column":1}},"line":10}},"branchMap":{},"s":{"0":1,"1":0},"f":{"0":0},"b":{},"_coverageSchema":"1a1c01bbd47fc00a2c39e90264f33305004495a9","hash":"e3da3aec989e6c45f49544e76302d82b22962c85"}
,"C:\\Users\\svvig\\MetaficDemo\\screens\\Home.js": {"path":"C:\\Users\\svvig\\MetaficDemo\\screens\\Home.js","statementMap":{"0":{"start":{"line":10,"column":13},"end":{"line":22,"column":1}},"1":{"start":{"line":11,"column":2},"end":{"line":21,"column":4}},"2":{"start":{"line":14,"column":23},"end":{"line":14,"column":65}},"3":{"start":{"line":23,"column":15},"end":{"line":30,"column":2}}},"fnMap":{"0":{"name":"(anonymous_0)","decl":{"start":{"line":10,"column":13},"end":{"line":10,"column":14}},"loc":{"start":{"line":10,"column":24},"end":{"line":22,"column":1}},"line":10},"1":{"name":"(anonymous_1)","decl":{"start":{"line":14,"column":17},"end":{"line":14,"column":18}},"loc":{"start":{"line":14,"column":23},"end":{"line":14,"column":65}},"line":14}},"branchMap":{},"s":{"0":1,"1":2,"2":0,"3":1},"f":{"0":2,"1":0},"b":{},"_coverageSchema":"1a1c01bbd47fc00a2c39e90264f33305004495a9","hash":"5ce5f17950d4ba6678894661955f229c244ea8fb"}
,"C:\\Users\\svvig\\MetaficDemo\\screens\\SecondScreen.js": {"path":"C:\\Users\\svvig\\MetaficDemo\\screens\\SecondScreen.js","statementMap":{"0":{"start":{"line":10,"column":21},"end":{"line":20,"column":1}},"1":{"start":{"line":11,"column":2},"end":{"line":19,"column":4}},"2":{"start":{"line":13,"column":39},"end":{"line":13,"column":64}},"3":{"start":{"line":21,"column":15},"end":{"line":28,"column":2}}},"fnMap":{"0":{"name":"(anonymous_0)","decl":{"start":{"line":10,"column":21},"end":{"line":10,"column":22}},"loc":{"start":{"line":10,"column":32},"end":{"line":20,"column":1}},"line":10},"1":{"name":"(anonymous_1)","decl":{"start":{"line":13,"column":33},"end":{"line":13,"column":34}},"loc":{"start":{"line":13,"column":39},"end":{"line":13,"column":64}},"line":13}},"branchMap":{},"s":{"0":1,"1":0,"2":0,"3":1},"f":{"0":0,"1":0},"b":{},"_coverageSchema":"1a1c01bbd47fc00a2c39e90264f33305004495a9","hash":"8cfab994b102327e3abb673683d967ea67401077"}
}
